This is pdfTeX, Version 3.141592653-2.6-1.40.27 (TeX Live 2025) (preloaded format=pdflatex 2025.11.29)  15 APR 2026 19:23
entering extended mode
 restricted \write18 enabled.
 file:line:error style messages enabled.
 %&-line parsing enabled.
**"/Users/piotrjankiewicz/Documents/PROJEKTY/PW/praca_dyplomowa/DYPLOM/2. thesis/thesis-en.tex"
(/Users/piotrjankiewicz/Documents/PROJEKTY/PW/praca_dyplomowa/DYPLOM/2. thesis/thesis-en.tex
LaTeX2e <2024-11-01> patch level 2
L3 programming layer <2025-01-18>
(/usr/local/texlive/2025/texmf-dist/tex/latex/base/report.cls
Document Class: report 2024/06/29 v1.4n Standard LaTeX document class
(/usr/local/texlive/2025/texmf-dist/tex/latex/base/size11.clo
File: size11.clo 2024/06/29 v1.4n Standard LaTeX file (size option)
)
\c@part=\count196
\c@chapter=\count197
\c@section=\count198
\c@subsection=\count199
\c@subsubsection=\count266
\c@paragraph=\count267
\c@subparagraph=\count268
\c@figure=\count269
\c@table=\count270
\abovecaptionskip=\skip49
\belowcaptionskip=\skip50
\bibindent=\dimen141
) (/usr/local/texlive/2025/texmf-dist/tex/latex/base/inputenc.sty
Package: inputenc 2024/02/08 v1.3d Input encoding file
\inpenc@prehook=\toks17
\inpenc@posthook=\toks18
) (/usr/local/texlive/2025/texmf-dist/tex/latex/base/fontenc.sty
Package: fontenc 2021/04/29 v2.0v Standard LaTeX package
) (/usr/local/texlive/2025/texmf-dist/tex/generic/babel/babel.sty
Package: babel 2025/02/14 v25.4 The multilingual framework for pdfLaTeX, LuaLaTeX and XeLaTeX
\babel@savecnt=\count271
\U@D=\dimen142
\l@unhyphenated=\language90
 (/usr/local/texlive/2025/texmf-dist/tex/generic/babel/txtbabel.def)
\bbl@readstream=\read2
\bbl@dirlevel=\count272
 (/usr/local/texlive/2025/texmf-dist/tex/generic/babel-english/english.ldf
Language: english 2017/06/06 v3.3r English support from the babel system
Package babel Info: Hyphen rules for 'canadian' set to \l@english
(babel)             (\language0). Reported on input line 102.
Package babel Info: Hyphen rules for 'australian' set to \l@ukenglish
(babel)             (\language22). Reported on input line 105.
Package babel Info: Hyphen rules for 'newzealand' set to \l@ukenglish
(babel)             (\language22). Reported on input line 108.
) (/usr/local/texlive/2025/texmf-dist/tex/generic/babel-polish/polish.ldf
Language: polish 2022/03/12 1.3 Babel support for Polish
Package babel Info: Making " an active character on input line 101.
)) (/usr/local/texlive/2025/texmf-dist/tex/generic/babel/locale/pl/babel-polish.tex
Package babel Info: Importing font and identification data for polish
(babel)             from babel-pl.ini. Reported on input line 11.
) (/usr/local/texlive/2025/texmf-dist/tex/generic/babel/locale/en/babel-english.tex
Package babel Info: Importing font and identification data for english
(babel)             from babel-en.ini. Reported on input line 11.
) (/usr/local/texlive/2025/texmf-dist/tex/latex/float/float.sty
Package: float 2001/11/08 v1.3d Float enhancements (AL)
\c@float@type=\count273
\float@exts=\toks19
\float@box=\box52
\@float@everytoks=\toks20
\@floatcapt=\box53
) (/usr/local/texlive/2025/texmf-dist/tex/latex/multirow/multirow.sty
Package: multirow 2024/11/12 v2.9 Span multiple rows of a table
\multirow@colwidth=\skip51
\multirow@cntb=\count274
\multirow@dima=\skip52
\bigstrutjot=\dimen143
) (/usr/local/texlive/2025/texmf-dist/tex/latex/amsmath/amsmath.sty
Package: amsmath 2024/11/05 v2.17t AMS math features
\@mathmargin=\skip53

For additional information on amsmath, use the `?' option.
(/usr/local/texlive/2025/texmf-dist/tex/latex/amsmath/amstext.sty
Package: amstext 2021/08/26 v2.01 AMS text
 (/usr/local/texlive/2025/texmf-dist/tex/latex/amsmath/amsgen.sty
File: amsgen.sty 1999/11/30 v2.0 generic functions
\@emptytoks=\toks21
\ex@=\dimen144
)) (/usr/local/texlive/2025/texmf-dist/tex/latex/amsmath/amsbsy.sty
Package: amsbsy 1999/11/29 v1.2d Bold Symbols
\pmbraise@=\dimen145
) (/usr/local/texlive/2025/texmf-dist/tex/latex/amsmath/amsopn.sty
Package: amsopn 2022/04/08 v2.04 operator names
)
\inf@bad=\count275
LaTeX Info: Redefining \frac on input line 233.
\uproot@=\count276
\leftroot@=\count277
LaTeX Info: Redefining \overline on input line 398.
LaTeX Info: Redefining \colon on input line 409.
\classnum@=\count278
\DOTSCASE@=\count279
LaTeX Info: Redefining \ldots on input line 495.
LaTeX Info: Redefining \dots on input line 498.
LaTeX Info: Redefining \cdots on input line 619.
\Mathstrutbox@=\box54
\strutbox@=\box55
LaTeX Info: Redefining \big on input line 721.
LaTeX Info: Redefining \Big on input line 722.
LaTeX Info: Redefining \bigg on input line 723.
LaTeX Info: Redefining \Bigg on input line 724.
\big@size=\dimen146
LaTeX Font Info:    Redeclaring font encoding OML on input line 742.
LaTeX Font Info:    Redeclaring font encoding OMS on input line 743.
\macc@depth=\count280
LaTeX Info: Redefining \bmod on input line 904.
LaTeX Info: Redefining \pmod on input line 909.
LaTeX Info: Redefining \smash on input line 939.
LaTeX Info: Redefining \relbar on input line 969.
LaTeX Info: Redefining \Relbar on input line 970.
\c@MaxMatrixCols=\count281
\dotsspace@=\muskip17
\c@parentequation=\count282
\dspbrk@lvl=\count283
\tag@help=\toks22
\row@=\count284
\column@=\count285
\maxfields@=\count286
\andhelp@=\toks23
\eqnshift@=\dimen147
\alignsep@=\dimen148
\tagshift@=\dimen149
\tagwidth@=\dimen150
\totwidth@=\dimen151
\lineht@=\dimen152
\@envbody=\toks24
\multlinegap=\skip54
\multlinetaggap=\skip55
\mathdisplay@stack=\toks25
LaTeX Info: Redefining \[ on input line 2953.
LaTeX Info: Redefining \] on input line 2954.
) (/usr/local/texlive/2025/texmf-dist/tex/latex/amsfonts/amsfonts.sty
Package: amsfonts 2013/01/14 v3.01 Basic AMSFonts support
\symAMSa=\mathgroup4
\symAMSb=\mathgroup5
LaTeX Font Info:    Redeclaring math symbol \hbar on input line 98.
LaTeX Font Info:    Overwriting math alphabet `\mathfrak' in version `bold'
(Font)                  U/euf/m/n --> U/euf/b/n on input line 106.
) (/usr/local/texlive/2025/texmf-dist/tex/latex/amscls/amsthm.sty
Package: amsthm 2020/05/29 v2.20.6
\thm@style=\toks26
\thm@bodyfont=\toks27
\thm@headfont=\toks28
\thm@notefont=\toks29
\thm@headpunct=\toks30
\thm@preskip=\skip56
\thm@postskip=\skip57
\thm@headsep=\skip58
\dth@everypar=\toks31
) (/usr/local/texlive/2025/texmf-dist/tex/latex/base/latexsym.sty
Package: latexsym 1998/08/17 v2.2e Standard LaTeX package (lasy symbols)
\symlasy=\mathgroup6
LaTeX Font Info:    Overwriting symbol font `lasy' in version `bold'
(Font)                  U/lasy/m/n --> U/lasy/b/n on input line 52.
) (/usr/local/texlive/2025/texmf-dist/tex/latex/pdfpages/pdfpages.sty
Package: pdfpages 2025/01/30 v0.6e Insert pages of external PDF documents (AM)
 (/usr/local/texlive/2025/texmf-dist/tex/latex/base/ifthen.sty
Package: ifthen 2024/03/16 v1.1e Standard LaTeX ifthen package (DPC)
) (/usr/local/texlive/2025/texmf-dist/tex/latex/tools/calc.sty
Package: calc 2023/07/08 v4.3 Infix arithmetic (KKT,FJ)
\calc@Acount=\count287
\calc@Bcount=\count288
\calc@Adimen=\dimen153
\calc@Bdimen=\dimen154
\calc@Askip=\skip59
\calc@Bskip=\skip60
LaTeX Info: Redefining \setlength on input line 80.
LaTeX Info: Redefining \addtolength on input line 81.
\calc@Ccount=\count289
\calc@Cskip=\skip61
) (/usr/local/texlive/2025/texmf-dist/tex/latex/eso-pic/eso-pic.sty
Package: eso-pic 2023/05/03 v3.0c eso-pic (RN)
\ESO@tempdima=\dimen155
\ESO@tempdimb=\dimen156
 (/usr/local/texlive/2025/texmf-dist/tex/latex/graphics/keyval.sty
Package: keyval 2022/05/29 v1.15 key=value parser (DPC)
\KV@toks@=\toks32
) (/usr/local/texlive/2025/texmf-dist/tex/latex/xcolor/xcolor.sty
Package: xcolor 2024/09/29 v3.02 LaTeX color extensions (UK)
 (/usr/local/texlive/2025/texmf-dist/tex/latex/graphics-cfg/color.cfg
File: color.cfg 2016/01/02 v1.6 sample color configuration
)
Package xcolor Info: Driver file: pdftex.def on input line 274.
 (/usr/local/texlive/2025/texmf-dist/tex/latex/graphics-def/pdftex.def
File: pdftex.def 2024/04/13 v1.2c Graphics/color driver for pdftex
) (/usr/local/texlive/2025/texmf-dist/tex/latex/graphics/mathcolor.ltx)
Package xcolor Info: Model `cmy' substituted by `cmy0' on input line 1349.
Package xcolor Info: Model `hsb' substituted by `rgb' on input line 1353.
Package xcolor Info: Model `RGB' extended on input line 1365.
Package xcolor Info: Model `HTML' substituted by `rgb' on input line 1367.
Package xcolor Info: Model `Hsb' substituted by `hsb' on input line 1368.
Package xcolor Info: Model `tHsb' substituted by `hsb' on input line 1369.
Package xcolor Info: Model `HSB' substituted by `hsb' on input line 1370.
Package xcolor Info: Model `Gray' substituted by `gray' on input line 1371.
Package xcolor Info: Model `wave' substituted by `hsb' on input line 1372.
)) (/usr/local/texlive/2025/texmf-dist/tex/latex/etoolbox/etoolbox.sty
Package: etoolbox 2025/02/11 v2.5l e-TeX tools for LaTeX (JAW)
\etb@tempcnta=\count290
) (/usr/local/texlive/2025/texmf-dist/tex/latex/graphics/graphicx.sty
Package: graphicx 2021/09/16 v1.2d Enhanced LaTeX Graphics (DPC,SPQR)
 (/usr/local/texlive/2025/texmf-dist/tex/latex/graphics/graphics.sty
Package: graphics 2024/08/06 v1.4g Standard LaTeX Graphics (DPC,SPQR)
 (/usr/local/texlive/2025/texmf-dist/tex/latex/graphics/trig.sty
Package: trig 2023/12/02 v1.11 sin cos tan (DPC)
) (/usr/local/texlive/2025/texmf-dist/tex/latex/graphics-cfg/graphics.cfg
File: graphics.cfg 2016/06/04 v1.11 sample graphics configuration
)
Package graphics Info: Driver file: pdftex.def on input line 106.
)
\Gin@req@height=\dimen157
\Gin@req@width=\dimen158
)
\AM@pagewidth=\dimen159
\AM@pageheight=\dimen160
\AM@fboxrule=\dimen161
 (/usr/local/texlive/2025/texmf-dist/tex/latex/pdfpages/pppdftex.def
File: pppdftex.def 2025/01/30 v0.6e Pdfpages driver for pdfTeX (AM)
)
\pdfpages@includegraphics@status=\count291
\AM@pagebox=\box56
\AM@global@opts=\toks33
\AM@pagecnt=\count292
\AM@toc@title=\toks34
\AM@lof@heading=\toks35
\c@AM@survey=\count293
\AM@templatesizebox=\box57
) (/usr/local/texlive/2025/texmf-dist/tex/latex/commath/commath.sty) (/usr/local/texlive/2025/texmf-dist/tex/latex/hyperref/hyperref.sty
Package: hyperref 2024-11-05 v7.01l Hypertext links for LaTeX
 (/usr/local/texlive/2025/texmf-dist/tex/generic/iftex/iftex.sty
Package: iftex 2024/12/12 v1.0g TeX engine tests
) (/usr/local/texlive/2025/texmf-dist/tex/latex/kvsetkeys/kvsetkeys.sty
Package: kvsetkeys 2022-10-05 v1.19 Key value parser (HO)
) (/usr/local/texlive/2025/texmf-dist/tex/generic/kvdefinekeys/kvdefinekeys.sty
Package: kvdefinekeys 2019-12-19 v1.6 Define keys (HO)
) (/usr/local/texlive/2025/texmf-dist/tex/generic/pdfescape/pdfescape.sty
Package: pdfescape 2019/12/09 v1.15 Implements pdfTeX's escape features (HO)
 (/usr/local/texlive/2025/texmf-dist/tex/generic/ltxcmds/ltxcmds.sty
Package: ltxcmds 2023-12-04 v1.26 LaTeX kernel commands for general use (HO)
) (/usr/local/texlive/2025/texmf-dist/tex/generic/pdftexcmds/pdftexcmds.sty
Package: pdftexcmds 2020-06-27 v0.33 Utility functions of pdfTeX for LuaTeX (HO)
 (/usr/local/texlive/2025/texmf-dist/tex/generic/infwarerr/infwarerr.sty
Package: infwarerr 2019/12/03 v1.5 Providing info/warning/error messages (HO)
)
Package pdftexcmds Info: \pdf@primitive is available.
Package pdftexcmds Info: \pdf@ifprimitive is available.
Package pdftexcmds Info: \pdfdraftmode found.
)) (/usr/local/texlive/2025/texmf-dist/tex/latex/hycolor/hycolor.sty
Package: hycolor 2020-01-27 v1.10 Color options for hyperref/bookmark (HO)
) (/usr/local/texlive/2025/texmf-dist/tex/latex/hyperref/nameref.sty
Package: nameref 2023-11-26 v2.56 Cross-referencing by name of section
 (/usr/local/texlive/2025/texmf-dist/tex/latex/refcount/refcount.sty
Package: refcount 2019/12/15 v3.6 Data extraction from label references (HO)
) (/usr/local/texlive/2025/texmf-dist/tex/generic/gettitlestring/gettitlestring.sty
Package: gettitlestring 2019/12/15 v1.6 Cleanup title references (HO)
 (/usr/local/texlive/2025/texmf-dist/tex/latex/kvoptions/kvoptions.sty
Package: kvoptions 2022-06-15 v3.15 Key value format for package options (HO)
))
\c@section@level=\count294
) (/usr/local/texlive/2025/texmf-dist/tex/generic/stringenc/stringenc.sty
Package: stringenc 2019/11/29 v1.12 Convert strings between diff. encodings (HO)
)
\@linkdim=\dimen162
\Hy@linkcounter=\count295
\Hy@pagecounter=\count296
 (/usr/local/texlive/2025/texmf-dist/tex/latex/hyperref/pd1enc.def
File: pd1enc.def 2024-11-05 v7.01l Hyperref: PDFDocEncoding definition (HO)
Now handling font encoding PD1 ...
... no UTF-8 mapping file for font encoding PD1
) (/usr/local/texlive/2025/texmf-dist/tex/generic/intcalc/intcalc.sty
Package: intcalc 2019/12/15 v1.3 Expandable calculations with integers (HO)
)
\Hy@SavedSpaceFactor=\count297
 (/usr/local/texlive/2025/texmf-dist/tex/latex/hyperref/puenc.def
File: puenc.def 2024-11-05 v7.01l Hyperref: PDF Unicode definition (HO)
Now handling font encoding PU ...
... no UTF-8 mapping file for font encoding PU
)
Package hyperref Info: Hyper figures OFF on input line 4157.
Package hyperref Info: Link nesting OFF on input line 4162.
Package hyperref Info: Hyper index ON on input line 4165.
Package hyperref Info: Plain pages OFF on input line 4172.
Package hyperref Info: Backreferencing OFF on input line 4177.
Package hyperref Info: Implicit mode ON; LaTeX internals redefined.
Package hyperref Info: Bookmarks ON on input line 4424.
\c@Hy@tempcnt=\count298
 (/usr/local/texlive/2025/texmf-dist/tex/latex/url/url.sty
\Urlmuskip=\muskip18
Package: url 2013/09/16  ver 3.4  Verb mode for urls, etc.
)
LaTeX Info: Redefining \url on input line 4763.
\XeTeXLinkMargin=\dimen163
 (/usr/local/texlive/2025/texmf-dist/tex/generic/bitset/bitset.sty
Package: bitset 2019/12/09 v1.3 Handle bit-vector datatype (HO)
 (/usr/local/texlive/2025/texmf-dist/tex/generic/bigintcalc/bigintcalc.sty
Package: bigintcalc 2019/12/15 v1.5 Expandable calculations on big integers (HO)
))
\Fld@menulength=\count299
\Field@Width=\dimen164
\Fld@charsize=\dimen165
Package hyperref Info: Hyper figures OFF on input line 6042.
Package hyperref Info: Link nesting OFF on input line 6047.
Package hyperref Info: Hyper index ON on input line 6050.
Package hyperref Info: backreferencing OFF on input line 6057.
Package hyperref Info: Link coloring OFF on input line 6062.
Package hyperref Info: Link coloring with OCG OFF on input line 6067.
Package hyperref Info: PDF/A mode OFF on input line 6072.
 (/usr/local/texlive/2025/texmf-dist/tex/latex/base/atbegshi-ltx.sty
Package: atbegshi-ltx 2021/01/10 v1.0c Emulation of the original atbegshi
package with kernel methods
)
\Hy@abspage=\count300
\c@Item=\count301
\c@Hfootnote=\count302
)
Package hyperref Info: Driver (autodetected): hpdftex.
 (/usr/local/texlive/2025/texmf-dist/tex/latex/hyperref/hpdftex.def
File: hpdftex.def 2024-11-05 v7.01l Hyperref driver for pdfTeX
 (/usr/local/texlive/2025/texmf-dist/tex/latex/base/atveryend-ltx.sty
Package: atveryend-ltx 2020/08/19 v1.0a Emulation of the original atveryend package
with kernel methods
)
\Fld@listcount=\count303
\c@bookmark@seq@number=\count304
 (/usr/local/texlive/2025/texmf-dist/tex/latex/rerunfilecheck/rerunfilecheck.sty
Package: rerunfilecheck 2022-07-10 v1.10 Rerun checks for auxiliary files (HO)
 (/usr/local/texlive/2025/texmf-dist/tex/generic/uniquecounter/uniquecounter.sty
Package: uniquecounter 2019/12/15 v1.4 Provide unlimited unique counter (HO)
)
Package uniquecounter Info: New unique counter `rerunfilecheck' on input line 285.
)
\Hy@SectionHShift=\skip62
) (/usr/local/texlive/2025/texmf-dist/tex/latex/geometry/geometry.sty
Package: geometry 2020/01/02 v5.9 Page Geometry
 (/usr/local/texlive/2025/texmf-dist/tex/generic/iftex/ifvtex.sty
Package: ifvtex 2019/10/25 v1.7 ifvtex legacy package. Use iftex instead.
)
\Gm@cnth=\count305
\Gm@cntv=\count306
\c@Gm@tempcnt=\count307
\Gm@bindingoffset=\dimen166
\Gm@wd@mp=\dimen167
\Gm@odd@mp=\dimen168
\Gm@even@mp=\dimen169
\Gm@layoutwidth=\dimen170
\Gm@layoutheight=\dimen171
\Gm@layouthoffset=\dimen172
\Gm@layoutvoffset=\dimen173
\Gm@dimlist=\toks36
) (/usr/local/texlive/2025/texmf-dist/tex/latex/tools/indentfirst.sty
Package: indentfirst 2023/07/02 v1.03 Indent first paragraph (DPC)
) (/usr/local/texlive/2025/texmf-dist/tex/latex/fancyhdr/fancyhdr.sty
Package: fancyhdr 2025/02/07 v5.2 Extensive control of page headers and footers
\f@nch@headwidth=\skip63
\f@nch@offset@elh=\skip64
\f@nch@offset@erh=\skip65
\f@nch@offset@olh=\skip66
\f@nch@offset@orh=\skip67
\f@nch@offset@elf=\skip68
\f@nch@offset@erf=\skip69
\f@nch@offset@olf=\skip70
\f@nch@offset@orf=\skip71
\f@nch@height=\skip72
\f@nch@footalignment=\skip73
\f@nch@widthL=\skip74
\f@nch@widthC=\skip75
\f@nch@widthR=\skip76
\@temptokenb=\toks37
) (/usr/local/texlive/2025/texmf-dist/tex/latex/titlesec/titlesec.sty
Package: titlesec 2025/01/04 v2.17 Sectioning titles
\ttl@box=\box58
\beforetitleunit=\skip77
\aftertitleunit=\skip78
\ttl@plus=\dimen174
\ttl@minus=\dimen175
\ttl@toksa=\toks38
\titlewidth=\dimen176
\titlewidthlast=\dimen177
\titlewidthfirst=\dimen178
) (/usr/local/texlive/2025/texmf-dist/tex/latex/titlesec/titletoc.sty
Package: titletoc 2025/01/04 v2.17 TOC entries
\ttl@leftsep=\dimen179
)
\c@theorem=\count308
 (/usr/local/texlive/2025/texmf-dist/tex/latex/l3backend/l3backend-pdftex.def
File: l3backend-pdftex.def 2024-05-08 L3 backend support: PDF output (pdfTeX)
\l__color_backend_stack_int=\count309
\l__pdf_internal_box=\box59
) (./thesis-en.aux)
\openout1 = `thesis-en.aux'.

LaTeX Font Info:    Checking defaults for OML/cmm/m/it on input line 172.
LaTeX Font Info:    ... okay on input line 172.
LaTeX Font Info:    Checking defaults for OMS/cmsy/m/n on input line 172.
LaTeX Font Info:    ... okay on input line 172.
LaTeX Font Info:    Checking defaults for OT1/cmr/m/n on input line 172.
LaTeX Font Info:    ... okay on input line 172.
LaTeX Font Info:    Checking defaults for T1/cmr/m/n on input line 172.
LaTeX Font Info:    ... okay on input line 172.
LaTeX Font Info:    Checking defaults for TS1/cmr/m/n on input line 172.
LaTeX Font Info:    ... okay on input line 172.
LaTeX Font Info:    Checking defaults for OMX/cmex/m/n on input line 172.
LaTeX Font Info:    ... okay on input line 172.
LaTeX Font Info:    Checking defaults for U/cmr/m/n on input line 172.
LaTeX Font Info:    ... okay on input line 172.
LaTeX Font Info:    Checking defaults for PD1/pdf/m/n on input line 172.
LaTeX Font Info:    ... okay on input line 172.
LaTeX Font Info:    Checking defaults for PU/pdf/m/n on input line 172.
LaTeX Font Info:    ... okay on input line 172.
 (/usr/local/texlive/2025/texmf-dist/tex/context/base/mkii/supp-pdf.mkii
[Loading MPS to PDF converter (version 2006.09.02).]
\scratchcounter=\count310
\scratchdimen=\dimen180
\scratchbox=\box60
\nofMPsegments=\count311
\nofMParguments=\count312
\everyMPshowfont=\toks39
\MPscratchCnt=\count313
\MPscratchDim=\dimen181
\MPnumerator=\count314
\makeMPintoPDFobject=\count315
\everyMPtoPDFconversion=\toks40
) (/usr/local/texlive/2025/texmf-dist/tex/latex/epstopdf-pkg/epstopdf-base.sty
Package: epstopdf-base 2020-01-24 v2.11 Base part for package epstopdf
Package epstopdf-base Info: Redefining graphics rule for `.eps' on input line 485.
 (/usr/local/texlive/2025/texmf-dist/tex/latex/latexconfig/epstopdf-sys.cfg
File: epstopdf-sys.cfg 2010/07/13 v1.3 Configuration of (r)epstopdf for TeX Live
)) (/usr/local/texlive/2025/texmf-dist/tex/latex/pdflscape/pdflscape.sty
Package: pdflscape 2022-10-27 v0.13 Display of landscape pages in PDF
 (/usr/local/texlive/2025/texmf-dist/tex/latex/pdflscape/pdflscape-nometadata.sty
Package: pdflscape-nometadata 2022-10-28 v0.13 Display of landscape pages in PDF (HO)
 (/usr/local/texlive/2025/texmf-dist/tex/latex/graphics/lscape.sty
Package: lscape 2020/05/28 v3.02 Landscape Pages (DPC)
)
Package pdflscape Info: Auto-detected driver: pdftex on input line 81.
))
Package hyperref Info: Link coloring OFF on input line 172.
\@outlinefile=\write3
\openout3 = `thesis-en.out'.


*geometry* driver: auto-detecting
*geometry* detected driver: pdftex
*geometry* verbose mode - [ preamble ] result:
* driver: pdftex
* paper: a4paper
* layout: <same size as paper>
* layoutoffset:(h,v)=(0.0pt,0.0pt)
* bindingoffset: 28.45274pt
* modes: twoside 
* h-part:(L,W,R)=(56.9055pt, 455.24413pt, 56.9055pt)
* v-part:(T,H,B)=(71.13188pt, 702.78308pt, 71.13188pt)
* \paperwidth=597.50787pt
* \paperheight=845.04684pt
* \textwidth=455.24413pt
* \textheight=702.78308pt
* \oddsidemargin=13.08826pt
* \evensidemargin=-15.36449pt
* \topmargin=-38.1381pt
* \headheight=12.0pt
* \headsep=25.0pt
* \topskip=11.0pt
* \footskip=30.0pt
* \marginparwidth=103.0pt
* \marginparsep=10.0pt
* \columnsep=10.0pt
* \skip\footins=10.0pt plus 4.0pt minus 2.0pt
* \hoffset=0.0pt
* \voffset=0.0pt
* \mag=1000
* \@twocolumnfalse
* \@twosidetrue
* \@mparswitchtrue
* \@reversemarginfalse
* (1in=72.27pt=25.4mm, 1cm=28.453pt)

<titlepage-en.pdf, id=4, 597.51233pt x 845.0471pt>
File: titlepage-en.pdf Graphic file (type pdf)
<use titlepage-en.pdf>
Package pdftex.def Info: titlepage-en.pdf  used on input line 176.
(pdftex.def)             Requested size: 597.51086pt x 845.04504pt.
<titlepage-en.pdf, id=6, page=1, 597.51233pt x 845.0471pt>
File: titlepage-en.pdf Graphic file (type pdf)
<use titlepage-en.pdf, page 1>
Package pdftex.def Info: titlepage-en.pdf , page1 used on input line 176.
(pdftex.def)             Requested size: 597.51086pt x 845.04504pt.
File: titlepage-en.pdf Graphic file (type pdf)
<use titlepage-en.pdf, page 1>
Package pdftex.def Info: titlepage-en.pdf , page1 used on input line 176.
(pdftex.def)             Requested size: 597.53821pt x 845.08372pt.
File: titlepage-en.pdf Graphic file (type pdf)
<use titlepage-en.pdf, page 1>
Package pdftex.def Info: titlepage-en.pdf , page1 used on input line 176.
(pdftex.def)             Requested size: 597.53821pt x 845.08372pt.
File: titlepage-en.pdf Graphic file (type pdf)
<use titlepage-en.pdf, page 1>
Package pdftex.def Info: titlepage-en.pdf , page1 used on input line 176.
(pdftex.def)             Requested size: 597.53821pt x 845.08372pt.


File: titlepage-en.pdf Graphic file (type pdf)
<use titlepage-en.pdf, page 1>
Package pdftex.def Info: titlepage-en.pdf , page1 used on input line 176.
(pdftex.def)             Requested size: 597.53821pt x 845.08372pt.
[1


 <./titlepage-en.pdf>]

[2]
Underfull \hbox (badness 10000) in paragraph at lines 204--214

 []




pdfTeX warning (ext4): destination with the same identifier (name{page.1}) has been already used, duplicate ignored
<to be read again> 
                   \relax 
l.214 \end{abstract}
                     [1{/usr/local/texlive/2025/texmf-var/fonts/map/pdftex/updmap/pdftex.map}{/usr/local/texlive/2025/texmf-dist/fonts/enc/dvips/cm-super/cm-super-t1.enc}]


pdfTeX warning (ext4): destination with the same identifier (name{page.2}) has been already used, duplicate ignored
<to be read again> 
                   \relax 
l.217 \null\thispagestyle{empty}\newpage
                                         [2]


pdfTeX warning (ext4): destination with the same identifier (name{page.1}) has been already used, duplicate ignored
<to be read again> 
                   \relax 
l.237 \end{abstract}
                     [1]


pdfTeX warning (ext4): destination with the same identifier (name{page.2}) has been already used, duplicate ignored
<to be read again> 
                   \relax 
l.259 \null\thispagestyle{empty}\newpage
                                         [2]
No file thesis-en.toc.
\tf@toc=\write4
\openout4 = `thesis-en.toc'.



[1

]


pdfTeX warning (ext4): destination with the same identifier (name{page.}) has been already used, duplicate ignored
<to be read again> 
                   \relax 
l.270 \null\thispagestyle{empty}\newpage
                                         [2]
Chapter 1.
<./images/simple-architecture.png, id=52, 499.8675pt x 851.18pt>
File: ./images/simple-architecture.png Graphic file (type png)
<use ./images/simple-architecture.png>
Package pdftex.def Info: ./images/simple-architecture.png  used on input line 308.
(pdftex.def)             Requested size: 136.57462pt x 232.56212pt.

Underfull \vbox (badness 10000) has occurred while \output is active []



[11

]
<./images/more-complicated-architecture.png, id=61, 633.36626pt x 1059.96pt>
File: ./images/more-complicated-architecture.png Graphic file (type png)
<use ./images/more-complicated-architecture.png>
Package pdftex.def Info: ./images/more-complicated-architecture.png  used on input line 325.
(pdftex.def)             Requested size: 136.57462pt x 228.55008pt.



Package fancyhdr Warning: \headheight is too small (12.0pt): 
(fancyhdr)                Make it at least 13.59999pt, for example:
(fancyhdr)                \setlength{\headheight}{13.59999pt}.
(fancyhdr)                You might also make \topmargin smaller:
(fancyhdr)                \addtolength{\topmargin}{-1.59999pt}.

[12 <./images/simple-architecture.png> <./images/more-complicated-architecture.png>]
<./images/complicated-modules.png, id=70, 3468.96pt x 192.72pt>
File: ./images/complicated-modules.png Graphic file (type png)
<use ./images/complicated-modules.png>
Package pdftex.def Info: ./images/complicated-modules.png  used on input line 337.
(pdftex.def)             Requested size: 455.24413pt x 25.28972pt.
<./images/typical-sequance.png, id=71, 4265.9375pt x 5199.425pt>
File: ./images/typical-sequance.png Graphic file (type png)
<use ./images/typical-sequance.png>
Package pdftex.def Info: ./images/typical-sequance.png  used on input line 360.
(pdftex.def)             Requested size: 318.6695pt x 388.35332pt.

Underfull \vbox (badness 10000) has occurred while \output is active []




Package fancyhdr Warning: \headheight is too small (12.0pt): 
(fancyhdr)                Make it at least 13.59999pt, for example:
(fancyhdr)                \setlength{\headheight}{13.59999pt}.
(fancyhdr)                You might also make \topmargin smaller:
(fancyhdr)                \addtolength{\topmargin}{-1.59999pt}.

[13 <./images/complicated-modules.png>]
<./images/local-first-sequanec.png, id=79, 4265.9375pt x 3543.2375pt>
File: ./images/local-first-sequanec.png Graphic file (type png)
<use ./images/local-first-sequanec.png>
Package pdftex.def Info: ./images/local-first-sequanec.png  used on input line 380.
(pdftex.def)             Requested size: 318.6695pt x 264.65004pt.

Underfull \vbox (badness 10000) has occurred while \output is active []




Package fancyhdr Warning: \headheight is too small (12.0pt): 
(fancyhdr)                Make it at least 13.59999pt, for example:
(fancyhdr)                \setlength{\headheight}{13.59999pt}.
(fancyhdr)                You might also make \topmargin smaller:
(fancyhdr)                \addtolength{\topmargin}{-1.59999pt}.

[14 <./images/typical-sequance.png>]
<./images/cloud-vs-local.png, id=86, 3201.9625pt x 3392.675pt>
File: ./images/cloud-vs-local.png Graphic file (type png)
<use ./images/cloud-vs-local.png>
Package pdftex.def Info: ./images/cloud-vs-local.png  used on input line 402.
(pdftex.def)             Requested size: 318.6695pt x 337.6308pt.

Underfull \vbox (badness 10000) has occurred while \output is active []




Package fancyhdr Warning: \headheight is too small (12.0pt): 
(fancyhdr)                Make it at least 13.59999pt, for example:
(fancyhdr)                \setlength{\headheight}{13.59999pt}.
(fancyhdr)                You might also make \topmargin smaller:
(fancyhdr)                \addtolength{\topmargin}{-1.59999pt}.

[15 <./images/local-first-sequanec.png>]
LaTeX Font Info:    Trying to load font information for U+msa on input line 414.
 (/usr/local/texlive/2025/texmf-dist/tex/latex/amsfonts/umsa.fd
File: umsa.fd 2013/01/14 v3.01 AMS symbols A
)
LaTeX Font Info:    Trying to load font information for U+msb on input line 414.
 (/usr/local/texlive/2025/texmf-dist/tex/latex/amsfonts/umsb.fd
File: umsb.fd 2013/01/14 v3.01 AMS symbols B
)
LaTeX Font Info:    Trying to load font information for U+lasy on input line 414.
 (/usr/local/texlive/2025/texmf-dist/tex/latex/base/ulasy.fd
File: ulasy.fd 1998/08/17 v2.2e LaTeX symbol font definitions
)
Underfull \hbox (badness 10000) in paragraph at lines 418--418
[]\T1/cmr/m/n/10.95 Real-time col-lab-o-ra-tive edit-ing (doc-u-
 []


Underfull \hbox (badness 3428) in paragraph at lines 421--422
[]\T1/cmr/m/n/10.95 Centralized trans-ac-tional sys-tems (e.g.,
 []




Package fancyhdr Warning: \headheight is too small (12.0pt): 
(fancyhdr)                Make it at least 13.59999pt, for example:
(fancyhdr)                \setlength{\headheight}{13.59999pt}.
(fancyhdr)                You might also make \topmargin smaller:
(fancyhdr)                \addtolength{\topmargin}{-1.59999pt}.

[16 <./images/cloud-vs-local.png>]
<./images/p2p-vs-start.png, id=104, 755.82375pt x 355.3275pt>
File: ./images/p2p-vs-start.png Graphic file (type png)
<use ./images/p2p-vs-start.png>
Package pdftex.def Info: ./images/p2p-vs-start.png  used on input line 454.
(pdftex.def)             Requested size: 364.19669pt x 171.21672pt.

Underfull \hbox (badness 1009) in paragraph at lines 472--473
\T1/cmr/m/n/10.95 Clients man-age their con-nec-tions them-
 []


Underfull \hbox (badness 2142) in paragraph at lines 481--482
[]\T1/cmr/m/n/10.95 Easier man-age-ment and co-or-di-na-tion -
 []




Package fancyhdr Warning: \headheight is too small (12.0pt): 
(fancyhdr)                Make it at least 13.59999pt, for example:
(fancyhdr)                \setlength{\headheight}{13.59999pt}.
(fancyhdr)                You might also make \topmargin smaller:
(fancyhdr)                \addtolength{\topmargin}{-1.59999pt}.

[17 <./images/p2p-vs-start.png>]


Package fancyhdr Warning: \headheight is too small (12.0pt): 
(fancyhdr)                Make it at least 13.59999pt, for example:
(fancyhdr)                \setlength{\headheight}{13.59999pt}.
(fancyhdr)                You might also make \topmargin smaller:
(fancyhdr)                \addtolength{\topmargin}{-1.59999pt}.

[18]
Underfull \hbox (badness 2556) in paragraph at lines 549--550
[]\T1/cmr/m/n/10.95 start draw-ing im-me-di-ately
 []




Package fancyhdr Warning: \headheight is too small (12.0pt): 
(fancyhdr)                Make it at least 13.59999pt, for example:
(fancyhdr)                \setlength{\headheight}{13.59999pt}.
(fancyhdr)                You might also make \topmargin smaller:
(fancyhdr)                \addtolength{\topmargin}{-1.59999pt}.

[19]
Underfull \hbox (badness 10000) in paragraph at lines 567--568
[]\T1/cmr/m/n/10.95 differentiate be-tween el-e-
 []


Underfull \hbox (badness 10000) in paragraph at lines 577--578
[]\T1/cmr/m/n/10.95 begin a fresh col-lab-o-ra-
 []


Underfull \hbox (badness 10000) in paragraph at lines 577--578
\T1/cmr/m/n/10.95 tive ses-sion or per-sonal
 []


Underfull \hbox (badness 3271) in paragraph at lines 579--580
[]\T1/cmr/m/n/10.95 work to-gether with other
 []


Underfull \hbox (badness 10000) in paragraph at lines 587--588
[]\T1/cmr/m/n/10.95 communicate tex-tu-ally
 []


Underfull \hbox (badness 2961) in paragraph at lines 587--588
\T1/cmr/m/n/10.95 along-side vi-sual col-lab-o-ra-
 []


Underfull \vbox (badness 10000) has occurred while \output is active []




Package fancyhdr Warning: \headheight is too small (12.0pt): 
(fancyhdr)                Make it at least 13.59999pt, for example:
(fancyhdr)                \setlength{\headheight}{13.59999pt}.
(fancyhdr)                You might also make \topmargin smaller:
(fancyhdr)                \addtolength{\topmargin}{-1.59999pt}.

[20]
Overfull \hbox (0.71977pt too wide) in paragraph at lines 604--604
[]\T1/cmr/m/n/10.95 Application| 
 []


Underfull \hbox (badness 5460) in paragraph at lines 604--605
[]\T1/cmr/m/n/10.95 enable offline-capable and
 []


Overfull \hbox (0.71977pt too wide) in paragraph at lines 606--606
[]\T1/cmr/m/n/10.95 Application| 
 []


Underfull \hbox (badness 2644) in paragraph at lines 606--606
[]\T1/cmr/m/n/10.95 render all strokes stored in the
 []


Underfull \hbox (badness 1496) in paragraph at lines 606--607
[]\T1/cmr/m/n/10.95 display the cur-rent white-
 []


Overfull \hbox (0.71977pt too wide) in paragraph at lines 608--608
[]\T1/cmr/m/n/10.95 Application| 
 []


Overfull \hbox (0.71977pt too wide) in paragraph at lines 610--610
[]\T1/cmr/m/n/10.95 Application| 
 []


Overfull \hbox (0.71977pt too wide) in paragraph at lines 612--612
[]\T1/cmr/m/n/10.95 Application| 
 []


Underfull \hbox (badness 2384) in paragraph at lines 612--612
[]\T1/cmr/m/n/10.95 establish a We-bRTC data chan-
 []


Overfull \hbox (0.71977pt too wide) in paragraph at lines 614--614
[]\T1/cmr/m/n/10.95 Application| 
 []


Underfull \hbox (badness 4279) in paragraph at lines 614--615
[]\T1/cmr/m/n/10.95 allow other users to see
 []


Overfull \hbox (0.71977pt too wide) in paragraph at lines 616--616
[]\T1/cmr/m/n/10.95 Application| 
 []


Overfull \hbox (0.71977pt too wide) in paragraph at lines 618--618
[]\T1/cmr/m/n/10.95 Application| 
 []


Underfull \hbox (badness 3439) in paragraph at lines 618--618
\T1/cmr/m/n/10.95 chro-niza-tion on sep-a-rate threads
 []


Overfull \hbox (0.71977pt too wide) in paragraph at lines 620--620
[]\T1/cmr/m/n/10.95 Application| 
 []


Overfull \hbox (0.71977pt too wide) in paragraph at lines 622--622
[]\T1/cmr/m/n/10.95 Application| 
 []


Underfull \hbox (badness 1661) in paragraph at lines 622--623
[]\T1/cmr/m/n/10.95 restore a pre-vi-ously saved
 []


Overfull \hbox (0.71977pt too wide) in paragraph at lines 624--624
[]\T1/cmr/m/n/10.95 Application| 
 []


Underfull \vbox (badness 10000) has occurred while \output is active []




Package fancyhdr Warning: \headheight is too small (12.0pt): 
(fancyhdr)                Make it at least 13.59999pt, for example:
(fancyhdr)                \setlength{\headheight}{13.59999pt}.
(fancyhdr)                You might also make \topmargin smaller:
(fancyhdr)                \addtolength{\topmargin}{-1.59999pt}.

[21]
Overfull \hbox (0.71977pt too wide) in paragraph at lines 637--637
[]\T1/cmr/m/n/10.95 Application| 
 []


Underfull \hbox (badness 3471) in paragraph at lines 637--638
[]\T1/cmr/m/n/10.95 guarantee even-tual con-sis-
 []


Overfull \hbox (0.71977pt too wide) in paragraph at lines 639--639
[]\T1/cmr/m/n/10.95 Application| 
 []


Overfull \hbox (0.71977pt too wide) in paragraph at lines 641--641
[]\T1/cmr/m/n/10.95 Application| 
 []


Underfull \vbox (badness 10000) has occurred while \output is active []




Package fancyhdr Warning: \headheight is too small (12.0pt): 
(fancyhdr)                Make it at least 13.59999pt, for example:
(fancyhdr)                \setlength{\headheight}{13.59999pt}.
(fancyhdr)                You might also make \topmargin smaller:
(fancyhdr)                \addtolength{\topmargin}{-1.59999pt}.

[22]
Underfull \hbox (badness 10000) in paragraph at lines 654--655
[]\T1/cmr/m/n/10.95 group col-lab-o-rat-ing users
 []


Underfull \hbox (badness 10000) in paragraph at lines 660--661
[]\T1/cmr/m/n/10.95 allow clients to ini-ti-ate
 []


Underfull \hbox (badness 4518) in paragraph at lines 662--663
\T1/cmr/m/n/10.95 dis-con-nected user's cur-sor
 []


Underfull \hbox (badness 3514) in paragraph at lines 666--667
[]\T1/cmr/m/n/10.95 allow sev-eral col-lab-o-ra-tive
 []


Underfull \hbox (badness 1616) in paragraph at lines 666--667
\T1/cmr/m/n/10.95 ses-sions to run si-mul-ta-ne-
 []


Underfull \hbox (badness 4156) in paragraph at lines 668--669
[]\T1/cmr/m/n/10.95 support the real-time re-
 []


Underfull \vbox (badness 10000) has occurred while \output is active []




Package fancyhdr Warning: \headheight is too small (12.0pt): 
(fancyhdr)                Make it at least 13.59999pt, for example:
(fancyhdr)                \setlength{\headheight}{13.59999pt}.
(fancyhdr)                You might also make \topmargin smaller:
(fancyhdr)                \addtolength{\topmargin}{-1.59999pt}.

[23]
Underfull \hbox (badness 10000) in paragraph at lines 714--714
[]\T1/cmr/bx/n/10.95 Constraints
 []


Underfull \vbox (badness 10000) has occurred while \output is active []




Package fancyhdr Warning: \headheight is too small (12.0pt): 
(fancyhdr)                Make it at least 13.59999pt, for example:
(fancyhdr)                \setlength{\headheight}{13.59999pt}.
(fancyhdr)                You might also make \topmargin smaller:
(fancyhdr)                \addtolength{\topmargin}{-1.59999pt}.

[24]
Overfull \vbox (55.0871pt too high) has occurred while \output is active []




Package fancyhdr Warning: \headheight is too small (12.0pt): 
(fancyhdr)                Make it at least 13.59999pt, for example:
(fancyhdr)                \setlength{\headheight}{13.59999pt}.
(fancyhdr)                You might also make \topmargin smaller:
(fancyhdr)                \addtolength{\topmargin}{-1.59999pt}.

[25]
<./images/initial-ui.png, id=159, 483.8075pt x 433.62pt>
File: ./images/initial-ui.png Graphic file (type png)
<use ./images/initial-ui.png>
Package pdftex.def Info: ./images/initial-ui.png  used on input line 748.
(pdftex.def)             Requested size: 364.19669pt x 326.43164pt.

Underfull \vbox (badness 10000) has occurred while \output is active []




Package fancyhdr Warning: \headheight is too small (12.0pt): 
(fancyhdr)                Make it at least 13.59999pt, for example:
(fancyhdr)                \setlength{\headheight}{13.59999pt}.
(fancyhdr)                You might also make \topmargin smaller:
(fancyhdr)                \addtolength{\topmargin}{-1.59999pt}.

[26]


Package fancyhdr Warning: \headheight is too small (12.0pt): 
(fancyhdr)                Make it at least 13.59999pt, for example:
(fancyhdr)                \setlength{\headheight}{13.59999pt}.
(fancyhdr)                You might also make \topmargin smaller:
(fancyhdr)                \addtolength{\topmargin}{-1.59999pt}.

[27 <./images/initial-ui.png>]
Chapter 2.


[28

]
<./images/architecture.png, id=182, 338.26375pt x 232.87pt>
File: ./images/architecture.png Graphic file (type png)
<use ./images/architecture.png>
Package pdftex.def Info: ./images/architecture.png  used on input line 816.
(pdftex.def)             Requested size: 364.19669pt x 250.73187pt.

Underfull \vbox (badness 10000) has occurred while \output is active []




Package fancyhdr Warning: \headheight is too small (12.0pt): 
(fancyhdr)                Make it at least 13.59999pt, for example:
(fancyhdr)                \setlength{\headheight}{13.59999pt}.
(fancyhdr)                You might also make \topmargin smaller:
(fancyhdr)                \addtolength{\topmargin}{-1.59999pt}.

[29]
<./images/ui-modules-1.png, id=187, 233.37187pt x 316.68312pt>
File: ./images/ui-modules-1.png Graphic file (type png)
<use ./images/ui-modules-1.png>
Package pdftex.def Info: ./images/ui-modules-1.png  used on input line 839.
(pdftex.def)             Requested size: 227.62206pt x 308.89285pt.

Underfull \vbox (badness 10000) has occurred while \output is active []




Package fancyhdr Warning: \headheight is too small (12.0pt): 
(fancyhdr)                Make it at least 13.59999pt, for example:
(fancyhdr)                \setlength{\headheight}{13.59999pt}.
(fancyhdr)                You might also make \topmargin smaller:
(fancyhdr)                \addtolength{\topmargin}{-1.59999pt}.

[30 <./images/architecture.png>]


Package fancyhdr Warning: \headheight is too small (12.0pt): 
(fancyhdr)                Make it at least 13.59999pt, for example:
(fancyhdr)                \setlength{\headheight}{13.59999pt}.
(fancyhdr)                You might also make \topmargin smaller:
(fancyhdr)                \addtolength{\topmargin}{-1.59999pt}.

[31 <./images/ui-modules-1.png>]
<./images/ui-modules-2.png, id=202, 95.85812pt x 126.4725pt>
File: ./images/ui-modules-2.png Graphic file (type png)
<use ./images/ui-modules-2.png>
Package pdftex.def Info: ./images/ui-modules-2.png  used on input line 868.
(pdftex.def)             Requested size: 72.84071pt x 96.1085pt.
<./images/ui-modules-3.png, id=203, 140.525pt x 115.43124pt>
File: ./images/ui-modules-3.png Graphic file (type png)
<use ./images/ui-modules-3.png>
Package pdftex.def Info: ./images/ui-modules-3.png  used on input line 872.
(pdftex.def)             Requested size: 109.26108pt x 89.75066pt.
<./images/ui-modules-4.png, id=204, 92.345pt x 122.4575pt>
File: ./images/ui-modules-4.png Graphic file (type png)
<use ./images/ui-modules-4.png>
Package pdftex.def Info: ./images/ui-modules-4.png  used on input line 877.
(pdftex.def)             Requested size: 81.9406pt x 108.65982pt.
<./images/ui-modules-5.png, id=205, 240.9pt x 175.65625pt>
File: ./images/ui-modules-5.png Graphic file (type png)
<use ./images/ui-modules-5.png>
Package pdftex.def Info: ./images/ui-modules-5.png  used on input line 882.
(pdftex.def)             Requested size: 186.65175pt x 136.10269pt.
<./images/backend-interface.png, id=206, 1267.73625pt x 2176.13pt>
File: ./images/backend-interface.png Graphic file (type png)
<use ./images/backend-interface.png>
Package pdftex.def Info: ./images/backend-interface.png  used on input line 902.
(pdftex.def)             Requested size: 318.6695pt x 546.98642pt.

Underfull \vbox (badness 10000) has occurred while \output is active []




Package fancyhdr Warning: \headheight is too small (12.0pt): 
(fancyhdr)                Make it at least 13.59999pt, for example:
(fancyhdr)                \setlength{\headheight}{13.59999pt}.
(fancyhdr)                You might also make \topmargin smaller:
(fancyhdr)                \addtolength{\topmargin}{-1.59999pt}.

[32 <./images/ui-modules-2.png> <./images/ui-modules-3.png> <./images/ui-modules-4.png> <./images/ui-modules-5.png>]

LaTeX Warning: Reference `fig:backend-interface' on page 33 undefined on input line 908.




Package fancyhdr Warning: \headheight is too small (12.0pt): 
(fancyhdr)                Make it at least 13.59999pt, for example:
(fancyhdr)                \setlength{\headheight}{13.59999pt}.
(fancyhdr)                You might also make \topmargin smaller:
(fancyhdr)                \addtolength{\topmargin}{-1.59999pt}.

[33{/usr/local/texlive/2025/texmf-dist/fonts/enc/dvips/cm-super/cm-super-ts1.enc} <./images/backend-interface.png>]


Package fancyhdr Warning: \headheight is too small (12.0pt): 
(fancyhdr)                Make it at least 13.59999pt, for example:
(fancyhdr)                \setlength{\headheight}{13.59999pt}.
(fancyhdr)                You might also make \topmargin smaller:
(fancyhdr)                \addtolength{\topmargin}{-1.59999pt}.

[34]
Underfull \hbox (badness 4072) in paragraph at lines 968--971
[]\T1/cmr/bx/n/10.95 Delta up-dates\T1/cmr/m/n/10.95 : in-stead of send-ing the en-tire doc-u-ment, the back-end uses
 []


Underfull \hbox (badness 5345) in paragraph at lines 971--974
[]\T1/cmr/bx/n/10.95 Convergence through merg-ing\T1/cmr/m/n/10.95 : when a peer re-ceives this mes-sage, the
 []

<./images/automerge-sequance.png, id=232, 2526.43875pt x 2148.025pt>
File: ./images/automerge-sequance.png Graphic file (type png)
<use ./images/automerge-sequance.png>
Package pdftex.def Info: ./images/automerge-sequance.png  used on input line 984.
(pdftex.def)             Requested size: 450.69418pt x 383.18633pt.



Package fancyhdr Warning: \headheight is too small (12.0pt): 
(fancyhdr)                Make it at least 13.59999pt, for example:
(fancyhdr)                \setlength{\headheight}{13.59999pt}.
(fancyhdr)                You might also make \topmargin smaller:
(fancyhdr)                \addtolength{\topmargin}{-1.59999pt}.

[35 <./images/automerge-sequance.png>]
LaTeX Font Info:    Font shape `T1/cmtt/bx/n' in size <10.95> not available
(Font)              Font shape `T1/cmtt/m/n' tried instead on input line 998.



Package fancyhdr Warning: \headheight is too small (12.0pt): 
(fancyhdr)                Make it at least 13.59999pt, for example:
(fancyhdr)                \setlength{\headheight}{13.59999pt}.
(fancyhdr)                You might also make \topmargin smaller:
(fancyhdr)                \addtolength{\topmargin}{-1.59999pt}.

[36]


Package fancyhdr Warning: \headheight is too small (12.0pt): 
(fancyhdr)                Make it at least 13.59999pt, for example:
(fancyhdr)                \setlength{\headheight}{13.59999pt}.
(fancyhdr)                You might also make \topmargin smaller:
(fancyhdr)                \addtolength{\topmargin}{-1.59999pt}.

[37]


Package fancyhdr Warning: \headheight is too small (12.0pt): 
(fancyhdr)                Make it at least 13.59999pt, for example:
(fancyhdr)                \setlength{\headheight}{13.59999pt}.
(fancyhdr)                You might also make \topmargin smaller:
(fancyhdr)                \addtolength{\topmargin}{-1.59999pt}.

[38]


Package fancyhdr Warning: \headheight is too small (12.0pt): 
(fancyhdr)                Make it at least 13.59999pt, for example:
(fancyhdr)                \setlength{\headheight}{13.59999pt}.
(fancyhdr)                You might also make \topmargin smaller:
(fancyhdr)                \addtolength{\topmargin}{-1.59999pt}.

[39]


Package fancyhdr Warning: \headheight is too small (12.0pt): 
(fancyhdr)                Make it at least 13.59999pt, for example:
(fancyhdr)                \setlength{\headheight}{13.59999pt}.
(fancyhdr)                You might also make \topmargin smaller:
(fancyhdr)                \addtolength{\topmargin}{-1.59999pt}.

[40]


Package fancyhdr Warning: \headheight is too small (12.0pt): 
(fancyhdr)                Make it at least 13.59999pt, for example:
(fancyhdr)                \setlength{\headheight}{13.59999pt}.
(fancyhdr)                You might also make \topmargin smaller:
(fancyhdr)                \addtolength{\topmargin}{-1.59999pt}.

[41]
Underfull \hbox (badness 10000) in paragraph at lines 1278--1279
[]\T1/cmtt/m/n/10.95 insert(&list_id, len,
 []


Underfull \hbox (badness 10000) in paragraph at lines 1281--1282
[]\T1/cmtt/m/n/10.95 insert(&list_id, len,
 []


Underfull \hbox (badness 1496) in paragraph at lines 1283--1283
[]\T1/cmr/m/n/10.95 Remove all el-e-ments from the
 []


Underfull \hbox (badness 10000) in paragraph at lines 1284--1285
[]\T1/cmtt/m/n/10.95 splice(&list_id, 0, len,
 []


LaTeX Warning: Reference `fig:automerge-local-intent' on page 42 undefined on input line 1291.

<./images/automerge-local-intent.png, id=279, 2264.46pt x 1696.3375pt>
File: ./images/automerge-local-intent.png Graphic file (type png)
<use ./images/automerge-local-intent.png>
Package pdftex.def Info: ./images/automerge-local-intent.png  used on input line 1298.
(pdftex.def)             Requested size: 386.96028pt x 289.87483pt.



Package fancyhdr Warning: \headheight is too small (12.0pt): 
(fancyhdr)                Make it at least 13.59999pt, for example:
(fancyhdr)                \setlength{\headheight}{13.59999pt}.
(fancyhdr)                You might also make \topmargin smaller:
(fancyhdr)                \addtolength{\topmargin}{-1.59999pt}.

[42]


Package fancyhdr Warning: \headheight is too small (12.0pt): 
(fancyhdr)                Make it at least 13.59999pt, for example:
(fancyhdr)                \setlength{\headheight}{13.59999pt}.
(fancyhdr)                You might also make \topmargin smaller:
(fancyhdr)                \addtolength{\topmargin}{-1.59999pt}.

[43 <./images/automerge-local-intent.png>]


Package fancyhdr Warning: \headheight is too small (12.0pt): 
(fancyhdr)                Make it at least 13.59999pt, for example:
(fancyhdr)                \setlength{\headheight}{13.59999pt}.
(fancyhdr)                You might also make \topmargin smaller:
(fancyhdr)                \addtolength{\topmargin}{-1.59999pt}.

[44]


Package fancyhdr Warning: \headheight is too small (12.0pt): 
(fancyhdr)                Make it at least 13.59999pt, for example:
(fancyhdr)                \setlength{\headheight}{13.59999pt}.
(fancyhdr)                You might also make \topmargin smaller:
(fancyhdr)                \addtolength{\topmargin}{-1.59999pt}.

[45]
<./images/connecting-sequance.png, id=304, 4587.1375pt x 2505.36pt>
File: ./images/connecting-sequance.png Graphic file (type png)
<use ./images/connecting-sequance.png>
Package pdftex.def Info: ./images/connecting-sequance.png  used on input line 1451.
(pdftex.def)             Requested size: 432.48053pt x 236.1767pt.

Underfull \vbox (badness 10000) has occurred while \output is active []




Package fancyhdr Warning: \headheight is too small (12.0pt): 
(fancyhdr)                Make it at least 13.59999pt, for example:
(fancyhdr)                \setlength{\headheight}{13.59999pt}.
(fancyhdr)                You might also make \topmargin smaller:
(fancyhdr)                \addtolength{\topmargin}{-1.59999pt}.

[46]
<./images/connectivity-classes-1.png, id=310, 1543.7675pt x 429.605pt>
File: ./images/connectivity-classes-1.png Graphic file (type png)
<use ./images/connectivity-classes-1.png>
Package pdftex.def Info: ./images/connectivity-classes-1.png  used on input line 1482.
(pdftex.def)             Requested size: 364.19669pt x 101.3505pt.

Underfull \hbox (badness 4621) in paragraph at lines 1483--1483
[]\T1/cmr/m/n/10.95 Figure 2.8: []Transport and application-level mes-sage types: \T1/cmtt/m/n/10.95 TransportPacket \T1/cmr/m/n/10.95 and
 []


Underfull \vbox (badness 10000) has occurred while \output is active []




Package fancyhdr Warning: \headheight is too small (12.0pt): 
(fancyhdr)                Make it at least 13.59999pt, for example:
(fancyhdr)                \setlength{\headheight}{13.59999pt}.
(fancyhdr)                You might also make \topmargin smaller:
(fancyhdr)                \addtolength{\topmargin}{-1.59999pt}.

[47 <./images/connecting-sequance.png>]
<./images/communication-enums.png, id=319, 3478.9975pt x 477.785pt>
File: ./images/communication-enums.png Graphic file (type png)
<use ./images/communication-enums.png>
Package pdftex.def Info: ./images/communication-enums.png  used on input line 1489.
(pdftex.def)             Requested size: 450.69418pt x 61.89551pt.


LaTeX Warning: Reference `fig:data-receiving-seq' on page 48 undefined on input line 1494.

<./images/data-receiving-seq.png, id=320, 4095.3pt x 3344.495pt>
File: ./images/data-receiving-seq.png Graphic file (type png)
<use ./images/data-receiving-seq.png>
Package pdftex.def Info: ./images/data-receiving-seq.png  used on input line 1498.
(pdftex.def)             Requested size: 450.69418pt x 368.04869pt.

Underfull \vbox (badness 10000) has occurred while \output is active []




Package fancyhdr Warning: \headheight is too small (12.0pt): 
(fancyhdr)                Make it at least 13.59999pt, for example:
(fancyhdr)                \setlength{\headheight}{13.59999pt}.
(fancyhdr)                You might also make \topmargin smaller:
(fancyhdr)                \addtolength{\topmargin}{-1.59999pt}.

[48 <./images/connectivity-classes-1.png> <./images/communication-enums.png>]


Package fancyhdr Warning: \headheight is too small (12.0pt): 
(fancyhdr)                Make it at least 13.59999pt, for example:
(fancyhdr)                \setlength{\headheight}{13.59999pt}.
(fancyhdr)                You might also make \topmargin smaller:
(fancyhdr)                \addtolength{\topmargin}{-1.59999pt}.

[49 <./images/data-receiving-seq.png>]
Underfull \hbox (badness 10000) in paragraph at lines 1509--1510
[]\T1/cmr/m/n/10.95 After the \T1/cmtt/m/n/10.95 AppMsg \T1/cmr/m/n/10.95 is placed on the chan-nel, the back-ground thread calls
 []


Underfull \hbox (badness 1496) in paragraph at lines 1509--1510
\T1/cmr/m/n/10.95 ing \T1/cmtt/m/n/10.95 AppMsg::NetworkMessage\T1/cmr/m/n/10.95 . The UI then in-spects the in-ner \T1/cmtt/m/n/10.95 NetworkMessage \T1/cmr/m/n/10.95 vari-
 []


Underfull \vbox (badness 10000) has occurred while \output is active []




Package fancyhdr Warning: \headheight is too small (12.0pt): 
(fancyhdr)                Make it at least 13.59999pt, for example:
(fancyhdr)                \setlength{\headheight}{13.59999pt}.
(fancyhdr)                You might also make \topmargin smaller:
(fancyhdr)                \addtolength{\topmargin}{-1.59999pt}.

[50]
<./images/cursor-broadcasting.png, id=339, 4623.2725pt x 1078.0275pt>
File: ./images/cursor-broadcasting.png Graphic file (type png)
<use ./images/cursor-broadcasting.png>
Package pdftex.def Info: ./images/cursor-broadcasting.png  used on input line 1529.
(pdftex.def)             Requested size: 450.69418pt x 105.07846pt.

Underfull \vbox (badness 4181) has occurred while \output is active []




Package fancyhdr Warning: \headheight is too small (12.0pt): 
(fancyhdr)                Make it at least 13.59999pt, for example:
(fancyhdr)                \setlength{\headheight}{13.59999pt}.
(fancyhdr)                You might also make \topmargin smaller:
(fancyhdr)                \addtolength{\topmargin}{-1.59999pt}.

[51]
<./images/ui-final-1.png, id=347, 616.3025pt x 485.815pt>
File: ./images/ui-final-1.png Graphic file (type png)
<use ./images/ui-final-1.png>
Package pdftex.def Info: ./images/ui-final-1.png  used on input line 1541.
(pdftex.def)             Requested size: 364.19669pt x 287.09538pt.
<./images/ui-final-2.png, id=348, 628.3475pt x 491.8375pt>
File: ./images/ui-final-2.png Graphic file (type png)
<use ./images/ui-final-2.png>
Package pdftex.def Info: ./images/ui-final-2.png  used on input line 1548.
(pdftex.def)             Requested size: 364.19669pt x 285.07082pt.



Package fancyhdr Warning: \headheight is too small (12.0pt): 
(fancyhdr)                Make it at least 13.59999pt, for example:
(fancyhdr)                \setlength{\headheight}{13.59999pt}.
(fancyhdr)                You might also make \topmargin smaller:
(fancyhdr)                \addtolength{\topmargin}{-1.59999pt}.

[52 <./images/cursor-broadcasting.png> <./images/ui-final-1.png>]


Package fancyhdr Warning: \headheight is too small (12.0pt): 
(fancyhdr)                Make it at least 13.59999pt, for example:
(fancyhdr)                \setlength{\headheight}{13.59999pt}.
(fancyhdr)                You might also make \topmargin smaller:
(fancyhdr)                \addtolength{\topmargin}{-1.59999pt}.

[53 <./images/ui-final-2.png>]
Chapter 3.

LaTeX Warning: Reference `tab:test-env' on page 54 undefined on input line 1565.


Underfull \hbox (badness 1490) in paragraph at lines 1589--1590
[]\T1/cmr/m/n/10.95 Docker im-age (74.4 MB), de-ployed on VPS at
 []


LaTeX Warning: Reference `fig:system-specs-livekit' on page 54 undefined on input line 1595.


LaTeX Warning: Reference `fig:ping' on page 54 undefined on input line 1596.


LaTeX Warning: Reference `fig:iperf-comparison' on page 54 undefined on input line 1596.

<./images/analysis/fig3_1a_system_specs.png, id=364, 494.84875pt x 461.725pt>
File: ./images/analysis/fig3_1a_system_specs.png Graphic file (type png)
<use ./images/analysis/fig3_1a_system_specs.png>
Package pdftex.def Info: ./images/analysis/fig3_1a_system_specs.png  used on input line 1601.
(pdftex.def)             Requested size: 245.82877pt x 229.37537pt.
<./images/analysis/fig3_1b_livekit_version.png, id=365, 520.94624pt x 75.28125pt>
File: ./images/analysis/fig3_1b_livekit_version.png Graphic file (type png)
<use ./images/analysis/fig3_1b_livekit_version.png>
Package pdftex.def Info: ./images/analysis/fig3_1b_livekit_version.png  used on input line 1606.
(pdftex.def)             Requested size: 191.20169pt x 27.62962pt.

Underfull \vbox (badness 10000) has occurred while \output is active []



[54

]
<./images/analysis/fig3_1c_network_ping.png, id=373, 502.87875pt x 387.4475pt>
File: ./images/analysis/fig3_1c_network_ping.png Graphic file (type png)
<use ./images/analysis/fig3_1c_network_ping.png>
Package pdftex.def Info: ./images/analysis/fig3_1c_network_ping.png  used on input line 1621.
(pdftex.def)             Requested size: 341.43309pt x 263.05879pt.

Underfull \vbox (badness 10000) has occurred while \output is active []




Package fancyhdr Warning: \headheight is too small (12.0pt): 
(fancyhdr)                Make it at least 13.59999pt, for example:
(fancyhdr)                \setlength{\headheight}{13.59999pt}.
(fancyhdr)                You might also make \topmargin smaller:
(fancyhdr)                \addtolength{\topmargin}{-1.59999pt}.

[55 <./images/analysis/fig3_1a_system_specs.png> <./images/analysis/fig3_1b_livekit_version.png>]
<./images/analysis/fig3_1d_network_iperf_library.png, id=381, 1241.63875pt x 409.53pt>
File: ./images/analysis/fig3_1d_network_iperf_library.png Graphic file (type png)
<use ./images/analysis/fig3_1d_network_iperf_library.png>
Package pdftex.def Info: ./images/analysis/fig3_1d_network_iperf_library.png  used on input line 1629.
(pdftex.def)             Requested size: 218.51523pt x 72.06874pt.
<./images/analysis/fig3_1e_network_iperf_home.png, id=382, 1014.79124pt x 536.0025pt>
File: ./images/analysis/fig3_1e_network_iperf_home.png Graphic file (type png)
<use ./images/analysis/fig3_1e_network_iperf_home.png>
Package pdftex.def Info: ./images/analysis/fig3_1e_network_iperf_home.png  used on input line 1634.
(pdftex.def)             Requested size: 218.51523pt x 115.41821pt.

Underfull \hbox (badness 1314) in paragraph at lines 1662--1662
[]\T1/cmr/m/n/10.95 Save/load round-trip pre-serves
 []


Underfull \hbox (badness 1655) in paragraph at lines 1670--1670
[]\T1/cmr/m/n/10.95 Loading cor-rupted bytes does
 []


Underfull \hbox (badness 10000) in paragraph at lines 1676--1676
[]\T1/cmr/m/n/10.95 Three-peer chain (A$\OMS/cmsy/m/n/10.95 $$\T1/cmr/m/n/10.95 B$\OMS/cmsy/m/n/10.95 $$\T1/cmr/m/n/10.95 C)
 []


Underfull \hbox (badness 2529) in paragraph at lines 1678--1678
[]\T1/cmr/m/n/10.95 Background im-age sur-vives a
 []


Overfull \hbox (7.55289pt too wide) in paragraph at lines 1652--1684
 [][] 
 []


Underfull \vbox (badness 10000) has occurred while \output is active []




Package fancyhdr Warning: \headheight is too small (12.0pt): 
(fancyhdr)                Make it at least 13.59999pt, for example:
(fancyhdr)                \setlength{\headheight}{13.59999pt}.
(fancyhdr)                You might also make \topmargin smaller:
(fancyhdr)                \addtolength{\topmargin}{-1.59999pt}.

[56 <./images/analysis/fig3_1c_network_ping.png> <./images/analysis/fig3_1d_network_iperf_library.png> <./images/analysis/fig3_1e_network_iperf_home.png>]

LaTeX Warning: Reference `fig:unit-tests' on page 57 undefined on input line 1686.

<./images/analysis/fig3_2_unit_tests.png, id=393, 704.6325pt x 351.3125pt>
File: ./images/analysis/fig3_2_unit_tests.png Graphic file (type png)
<use ./images/analysis/fig3_2_unit_tests.png>
Package pdftex.def Info: ./images/analysis/fig3_2_unit_tests.png  used on input line 1690.
(pdftex.def)             Requested size: 386.96028pt x 192.92763pt.

Underfull \vbox (badness 10000) has occurred while \output is active []




Package fancyhdr Warning: \headheight is too small (12.0pt): 
(fancyhdr)                Make it at least 13.59999pt, for example:
(fancyhdr)                \setlength{\headheight}{13.59999pt}.
(fancyhdr)                You might also make \topmargin smaller:
(fancyhdr)                \addtolength{\topmargin}{-1.59999pt}.

[57]


Package fancyhdr Warning: \headheight is too small (12.0pt): 
(fancyhdr)                Make it at least 13.59999pt, for example:
(fancyhdr)                \setlength{\headheight}{13.59999pt}.
(fancyhdr)                You might also make \topmargin smaller:
(fancyhdr)                \addtolength{\topmargin}{-1.59999pt}.

[58 <./images/analysis/fig3_2_unit_tests.png>]

LaTeX Warning: Reference `tab:sync-local' on page 59 undefined on input line 1735.


LaTeX Warning: Reference `fig:bench-sync' on page 59 undefined on input line 1735.

<./images/analysis/fig3_3a_sync_local_benchmark.png, id=408, 806.01125pt x 343.2825pt>
File: ./images/analysis/fig3_3a_sync_local_benchmark.png Graphic file (type png)
<use ./images/analysis/fig3_3a_sync_local_benchmark.png>
Package pdftex.def Info: ./images/analysis/fig3_3a_sync_local_benchmark.png  used on input line 1754.
(pdftex.def)             Requested size: 386.96028pt x 164.80515pt.

LaTeX Warning: Reference `tab:sync-e2e' on page 59 undefined on input line 1763.


LaTeX Warning: Reference `fig:bench-e2e' on page 59 undefined on input line 1763.


Underfull \vbox (badness 1466) has occurred while \output is active []




Package fancyhdr Warning: \headheight is too small (12.0pt): 
(fancyhdr)                Make it at least 13.59999pt, for example:
(fancyhdr)                \setlength{\headheight}{13.59999pt}.
(fancyhdr)                You might also make \topmargin smaller:
(fancyhdr)                \addtolength{\topmargin}{-1.59999pt}.

[59 <./images/analysis/fig3_3a_sync_local_benchmark.png>]
<./images/analysis/fig3_3b_e2e_latency_home.png, id=417, 723.70375pt x 839.135pt>
File: ./images/analysis/fig3_3b_e2e_latency_home.png Graphic file (type png)
<use ./images/analysis/fig3_3b_e2e_latency_home.png>
Package pdftex.def Info: ./images/analysis/fig3_3b_e2e_latency_home.png  used on input line 1782.
(pdftex.def)             Requested size: 386.96028pt x 448.6831pt.


LaTeX Warning: Reference `tab:load-time' on page 60 undefined on input line 1795.


LaTeX Warning: Reference `fig:bench-load' on page 60 undefined on input line 1796.


Underfull \vbox (badness 10000) has occurred while \output is active []




Package fancyhdr Warning: \headheight is too small (12.0pt): 
(fancyhdr)                Make it at least 13.59999pt, for example:
(fancyhdr)                \setlength{\headheight}{13.59999pt}.
(fancyhdr)                You might also make \topmargin smaller:
(fancyhdr)                \addtolength{\topmargin}{-1.59999pt}.

[60 <./images/analysis/fig3_3b_e2e_latency_home.png>]
<./images/analysis/fig3_4_load_benchmark.png, id=426, 790.955pt x 244.915pt>
File: ./images/analysis/fig3_4_load_benchmark.png Graphic file (type png)
<use ./images/analysis/fig3_4_load_benchmark.png>
Package pdftex.def Info: ./images/analysis/fig3_4_load_benchmark.png  used on input line 1819.
(pdftex.def)             Requested size: 386.96028pt x 119.81879pt.


LaTeX Warning: Reference `fig:multiuser-env' on page 61 undefined on input line 1832.


LaTeX Warning: Reference `fig:multiuser-4p-5p' on page 61 undefined on input line 1833.


Underfull \vbox (badness 10000) has occurred while \output is active []




Package fancyhdr Warning: \headheight is too small (12.0pt): 
(fancyhdr)                Make it at least 13.59999pt, for example:
(fancyhdr)                \setlength{\headheight}{13.59999pt}.
(fancyhdr)                You might also make \topmargin smaller:
(fancyhdr)                \addtolength{\topmargin}{-1.59999pt}.

[61 <./images/analysis/fig3_4_load_benchmark.png>]
<./images/analysis/fig3_5a_multiuser_env.png, id=435, 1031.855pt x 487.8225pt>
File: ./images/analysis/fig3_5a_multiuser_env.png Graphic file (type png)
<use ./images/analysis/fig3_5a_multiuser_env.png>
Package pdftex.def Info: ./images/analysis/fig3_5a_multiuser_env.png  used on input line 1856.
(pdftex.def)             Requested size: 386.96028pt x 182.94043pt.
<./images/analysis/fig3_5d_multiuser_4p.png, id=436, 1806.75pt x 1075.01625pt>
File: ./images/analysis/fig3_5d_multiuser_4p.png Graphic file (type png)
<use ./images/analysis/fig3_5d_multiuser_4p.png>
Package pdftex.def Info: ./images/analysis/fig3_5d_multiuser_4p.png  used on input line 1864.
(pdftex.def)             Requested size: 218.51523pt x 130.0134pt.
<./images/analysis/fig3_5e_multiuser_5p.png, id=437, 1806.75pt x 1106.1325pt>
File: ./images/analysis/fig3_5e_multiuser_5p.png Graphic file (type png)
<use ./images/analysis/fig3_5e_multiuser_5p.png>
Package pdftex.def Info: ./images/analysis/fig3_5e_multiuser_5p.png  used on input line 1869.
(pdftex.def)             Requested size: 218.51523pt x 133.77661pt.

Underfull \vbox (badness 10000) has occurred while \output is active []




Package fancyhdr Warning: \headheight is too small (12.0pt): 
(fancyhdr)                Make it at least 13.59999pt, for example:
(fancyhdr)                \setlength{\headheight}{13.59999pt}.
(fancyhdr)                You might also make \topmargin smaller:
(fancyhdr)                \addtolength{\topmargin}{-1.59999pt}.

[62 <./images/analysis/fig3_5a_multiuser_env.png> <./images/analysis/fig3_5d_multiuser_4p.png> <./images/analysis/fig3_5e_multiuser_5p.png>]

LaTeX Warning: Reference `tab:fps' on page 63 undefined on input line 1921.


LaTeX Warning: Reference `fig:fps-measurements' on page 63 undefined on input line 1922.




Package fancyhdr Warning: \headheight is too small (12.0pt): 
(fancyhdr)                Make it at least 13.59999pt, for example:
(fancyhdr)                \setlength{\headheight}{13.59999pt}.
(fancyhdr)                You might also make \topmargin smaller:
(fancyhdr)                \addtolength{\topmargin}{-1.59999pt}.

[63]
<./images/analysis/fig3_6c_fps_100_strokes.png, id=454, 442.65375pt x 208.78pt>
File: ./images/analysis/fig3_6c_fps_100_strokes.png Graphic file (type png)
<use ./images/analysis/fig3_6c_fps_100_strokes.png>
Package pdftex.def Info: ./images/analysis/fig3_6c_fps_100_strokes.png  used on input line 1946.
(pdftex.def)             Requested size: 218.51523pt x 103.06447pt.
<./images/analysis/fig3_6d_fps_500_strokes.png, id=455, 323.2075pt x 181.67876pt>
File: ./images/analysis/fig3_6d_fps_500_strokes.png Graphic file (type png)
<use ./images/analysis/fig3_6d_fps_500_strokes.png>
Package pdftex.def Info: ./images/analysis/fig3_6d_fps_500_strokes.png  used on input line 1951.
(pdftex.def)             Requested size: 218.51523pt x 122.83023pt.
<./images/analysis/fig3_6e_fps_1000_strokes.png, id=456, 325.215pt x 183.68625pt>
File: ./images/analysis/fig3_6e_fps_1000_strokes.png Graphic file (type png)
<use ./images/analysis/fig3_6e_fps_1000_strokes.png>
Package pdftex.def Info: ./images/analysis/fig3_6e_fps_1000_strokes.png  used on input line 1958.
(pdftex.def)             Requested size: 218.51523pt x 123.42229pt.
<./images/analysis/fig3_6f_fps_5000_strokes.png, id=457, 325.215pt x 178.6675pt>
File: ./images/analysis/fig3_6f_fps_5000_strokes.png Graphic file (type png)
<use ./images/analysis/fig3_6f_fps_5000_strokes.png>
Package pdftex.def Info: ./images/analysis/fig3_6f_fps_5000_strokes.png  used on input line 1963.
(pdftex.def)             Requested size: 218.51523pt x 120.0501pt.



Package fancyhdr Warning: \headheight is too small (12.0pt): 
(fancyhdr)                Make it at least 13.59999pt, for example:
(fancyhdr)                \setlength{\headheight}{13.59999pt}.
(fancyhdr)                You might also make \topmargin smaller:
(fancyhdr)                \addtolength{\topmargin}{-1.59999pt}.

[64 <./images/analysis/fig3_6c_fps_100_strokes.png> <./images/analysis/fig3_6d_fps_500_strokes.png> <./images/analysis/fig3_6e_fps_1000_strokes.png> <./images/analysis/fig3_6f_fps_5000_strokes.png>]

LaTeX Warning: Reference `fig:convergence' on page 65 undefined on input line 2004.

<./images/analysis/fig3_7_convergence_benchmark.png, id=469, 833.1125pt x 789.95125pt>
File: ./images/analysis/fig3_7_convergence_benchmark.png Graphic file (type png)
<use ./images/analysis/fig3_7_convergence_benchmark.png>
Package pdftex.def Info: ./images/analysis/fig3_7_convergence_benchmark.png  used on input line 2008.
(pdftex.def)             Requested size: 386.96028pt x 366.91371pt.

Underfull \vbox (badness 10000) has occurred while \output is active []




Package fancyhdr Warning: \headheight is too small (12.0pt): 
(fancyhdr)                Make it at least 13.59999pt, for example:
(fancyhdr)                \setlength{\headheight}{13.59999pt}.
(fancyhdr)                You might also make \topmargin smaller:
(fancyhdr)                \addtolength{\topmargin}{-1.59999pt}.

[65]


Package fancyhdr Warning: \headheight is too small (12.0pt): 
(fancyhdr)                Make it at least 13.59999pt, for example:
(fancyhdr)                \setlength{\headheight}{13.59999pt}.
(fancyhdr)                You might also make \topmargin smaller:
(fancyhdr)                \addtolength{\topmargin}{-1.59999pt}.

[66 <./images/analysis/fig3_7_convergence_benchmark.png>]

LaTeX Warning: Reference `tab:nf-summary' on page 67 undefined on input line 2060.


Underfull \hbox (badness 2165) in paragraph at lines 2068--2068
[]\T1/cmr/bx/n/10.95 Measured / ob-served
 []


Underfull \hbox (badness 10000) in paragraph at lines 2070--2070
[]\T1/cmr/m/n/10.95 Basic op-er-a-tions us-able
 []


Underfull \hbox (badness 1917) in paragraph at lines 2072--2072
[]\T1/cmr/m/n/10.95 Status bar + event log
 []


Underfull \hbox (badness 1648) in paragraph at lines 2074--2074
[]\T1/cmr/m/n/10.95 Remote cur-sors ren-dered
 []


Underfull \hbox (badness 1412) in paragraph at lines 2078--2078
[]\T1/cmr/m/n/10.95 Offline con-ti-nu-ity + auto-
 []


Underfull \hbox (badness 2781) in paragraph at lines 2082--2082
[]\T1/cmr/m/n/10.95 E2E avg 460 ms, max
 []


Underfull \hbox (badness 3260) in paragraph at lines 2090--2090
[]\T1/cmr/m/n/10.95 README with in-stal-la-
 []


Underfull \hbox (badness 2126) in paragraph at lines 2094--2094
[]\T1/cmr/m/n/10.95 All com-po-nents used as
 []


Underfull \vbox (badness 10000) has occurred while \output is active []




Package fancyhdr Warning: \headheight is too small (12.0pt): 
(fancyhdr)                Make it at least 13.59999pt, for example:
(fancyhdr)                \setlength{\headheight}{13.59999pt}.
(fancyhdr)                You might also make \topmargin smaller:
(fancyhdr)                \addtolength{\topmargin}{-1.59999pt}.

[67]
Underfull \vbox (badness 4805) has occurred while \output is active []




Package fancyhdr Warning: \headheight is too small (12.0pt): 
(fancyhdr)                Make it at least 13.59999pt, for example:
(fancyhdr)                \setlength{\headheight}{13.59999pt}.
(fancyhdr)                You might also make \topmargin smaller:
(fancyhdr)                \addtolength{\topmargin}{-1.59999pt}.

[68]


Package fancyhdr Warning: \headheight is too small (12.0pt): 
(fancyhdr)                Make it at least 13.59999pt, for example:
(fancyhdr)                \setlength{\headheight}{13.59999pt}.
(fancyhdr)                You might also make \topmargin smaller:
(fancyhdr)                \addtolength{\topmargin}{-1.59999pt}.

[69]
Chapter 4.


[70

]


Package fancyhdr Warning: \headheight is too small (12.0pt): 
(fancyhdr)                Make it at least 13.59999pt, for example:
(fancyhdr)                \setlength{\headheight}{13.59999pt}.
(fancyhdr)                You might also make \topmargin smaller:
(fancyhdr)                \addtolength{\topmargin}{-1.59999pt}.

[71]


Package fancyhdr Warning: \headheight is too small (12.0pt): 
(fancyhdr)                Make it at least 13.59999pt, for example:
(fancyhdr)                \setlength{\headheight}{13.59999pt}.
(fancyhdr)                You might also make \topmargin smaller:
(fancyhdr)                \addtolength{\topmargin}{-1.59999pt}.

[72]
Underfull \hbox (badness 3849) in paragraph at lines 2241--2242
[]\T1/cmr/m/n/10.95 Conclave Team, \T1/cmr/m/it/10.95 Con-clave: A Peer-to-Peer Col-lab-o-ra-tive Text Ed-i-tor\T1/cmr/m/n/10.95 , []$\T1/cmtt/m/n/10.95 https : / /
 []




pdfTeX warning (ext4): destination with the same identifier (name{page.}) has been already used, duplicate ignored
<to be read again> 
                   \relax 
l.2262 \chapter
               {User Manual} [1

]
Appendix A.

/Users/piotrjankiewicz/Documents/PROJEKTY/PW/praca_dyplomowa/DYPLOM/2. thesis/thesis-en.tex:2277: LaTeX Error: Unicode character ☰ (U+2630)
               not set up for use with LaTeX.

See the LaTeX manual or LaTeX Companion for explanation.
Type  H <return>  for immediate help.
 ...                                              
                                                  
l.2277 ...el)} -- toggled by the \texttt{☰ Menu}
                                                   button; contains
You may provide a definition with
\DeclareUnicodeCharacter 


/Users/piotrjankiewicz/Documents/PROJEKTY/PW/praca_dyplomowa/DYPLOM/2. thesis/thesis-en.tex:2305: LaTeX Error: Unicode character ☰ (U+2630)
               not set up for use with LaTeX.

See the LaTeX manual or LaTeX Companion for explanation.
Type  H <return>  for immediate help.
 ...                                              
                                                  
l.2305 ... Open the sidebar with \textbf{☰ Menu}
                                                  .
You may provide a definition with
\DeclareUnicodeCharacter 




pdfTeX warning (ext4): destination with the same identifier (name{page.}) has been already used, duplicate ignored
<to be read again> 
                   \relax 
l.2306     \item E
                  nter a room name in the \textbf{Room} field (leave empty f... [2

]


Package fancyhdr Warning: \headheight is too small (12.0pt): 
(fancyhdr)                Make it at least 13.59999pt, for example:
(fancyhdr)                \setlength{\headheight}{13.59999pt}.
(fancyhdr)                You might also make \topmargin smaller:
(fancyhdr)                \addtolength{\topmargin}{-1.59999pt}.


pdfTeX warning (ext4): destination with the same identifier (name{page.}) has been already used, duplicate ignored
<to be read again> 
                   \relax 
l.2332 \chapter
               {Deployment Guide} [3]
Appendix B.



pdfTeX warning (ext4): destination with the same identifier (name{page.}) has been already used, duplicate ignored
<to be read again> 
                   \relax 
l.2372 \end{verbatim}
                      [4

]


Package fancyhdr Warning: \headheight is too small (12.0pt): 
(fancyhdr)                Make it at least 13.59999pt, for example:
(fancyhdr)                \setlength{\headheight}{13.59999pt}.
(fancyhdr)                You might also make \topmargin smaller:
(fancyhdr)                \addtolength{\topmargin}{-1.59999pt}.


pdfTeX warning (ext4): destination with the same identifier (name{page.}) has been already used, duplicate ignored
<to be read again> 
                   \relax 
l.2399 \chapter
               {Manual Acceptance Test Scenarios} [5]
Appendix C.

Underfull \hbox (badness 1303) in paragraph at lines 2413--2413
[]\T1/cmr/m/n/10.95 Main win-dow opens with a
 []


Underfull \hbox (badness 1275) in paragraph at lines 2419--2419
[]\T1/cmr/m/n/10.95 System save di-a-log ap-pears;
 []


Underfull \vbox (badness 10000) has occurred while \output is active []




pdfTeX warning (ext4): destination with the same identifier (name{page.}) has been already used, duplicate ignored
<to be read again> 
                   \relax 
l.2436 
        [6

]


Package fancyhdr Warning: \headheight is too small (12.0pt): 
(fancyhdr)                Make it at least 13.59999pt, for example:
(fancyhdr)                \setlength{\headheight}{13.59999pt}.
(fancyhdr)                You might also make \topmargin smaller:
(fancyhdr)                \addtolength{\topmargin}{-1.59999pt}.


pdfTeX warning (ext4): destination with the same identifier (name{page.}) has been already used, duplicate ignored
<to be read again> 
                   \relax 
l.2438 \chapter
               *{List of appendices} [7]


pdfTeX warning (ext4): destination with the same identifier (name{page.}) has been already used, duplicate ignored
<to be read again> 
                   \relax 
l.2448 \end{document}
                      [8

] (./thesis-en.aux)
 ***********
LaTeX2e <2024-11-01> patch level 2
L3 programming layer <2025-01-18>
 ***********


LaTeX Warning: There were undefined references.


LaTeX Warning: Label(s) may have changed. Rerun to get cross-references right.


Package rerunfilecheck Warning: File `thesis-en.out' has changed.
(rerunfilecheck)                Rerun to get outlines right
(rerunfilecheck)                or use package `bookmark'.

Package rerunfilecheck Info: Checksums for `thesis-en.out':
(rerunfilecheck)             Before: <no file>
(rerunfilecheck)             After:  6259067B36879B57D8C33E483DB7F2C4;11729.
 ) 
Here is how much of TeX's memory you used:
 14223 strings out of 473190
 230970 string characters out of 5715799
 660279 words of memory out of 5000000
 37056 multiletter control sequences out of 15000+600000
 570458 words of font info for 67 fonts, out of 8000000 for 9000
 1141 hyphenation exceptions out of 8191
 75i,17n,79p,1426b,640s stack positions out of 10000i,1000n,20000p,200000b,200000s
</usr/local/texlive/2025/texmf-dist/fonts/type1/public/amsfonts/cm/cmmi10.pfb></usr/local/texlive/2025/texmf-dist/fonts/type1/public/amsfonts/cm/cmr10.pfb></usr/local/texlive/2025/texmf-dist/fonts/type1/public/amsfonts/cm/cmsy10.pfb></usr/local/texlive/2025/texmf-dist/fonts/type1/public/cm-super/sfbx1095.pfb></usr/local/texlive/2025/texmf-dist/fonts/type1/public/cm-super/sfbx1200.pfb></usr/local/texlive/2025/texmf-dist/fonts/type1/public/cm-super/sfbx1440.pfb></usr/local/texlive/2025/texmf-dist/fonts/type1/public/cm-super/sfcc1095.pfb></usr/local/texlive/2025/texmf-dist/fonts/type1/public/cm-super/sfrm1095.pfb></usr/local/texlive/2025/texmf-dist/fonts/type1/public/cm-super/sfrm1200.pfb></usr/local/texlive/2025/texmf-dist/fonts/type1/public/cm-super/sfti1095.pfb></usr/local/texlive/2025/texmf-dist/fonts/type1/public/cm-super/sftt1095.pfb>
Output written on thesis-en.pdf (78 pages, 13516389 bytes).
PDF statistics:
 679 PDF objects out of 1000 (max. 8388607)
 479 compressed objects within 5 object streams
 203 named destinations out of 1000 (max. 500000)
 221 words of extra memory for PDF output out of 10000 (max. 10000000)

